<?xml version="1.0" encoding="UTF-8"?>
<testng-results ignored="0" total="1" passed="1" failed="0" skipped="0">
  <reporter-output>
    <line>
      <![CDATA[demo web shop launched]]>
    </line>
  </reporter-output>
  <suite started-at="2024-03-07T10:16:01 IST" name="Default suite" finished-at="2024-03-07T10:16:06 IST" duration-ms="5321">
    <groups>
    </groups>
    <test started-at="2024-03-07T10:16:01 IST" name="Default test" finished-at="2024-03-07T10:16:06 IST" duration-ms="5321">
      <class name="jenkins.DemoJenkins">
        <test-method signature="demo()[pri:0, instance:jenkins.DemoJenkins@4a94ee4]" started-at="2024-03-07T10:16:01 IST" name="demo" finished-at="2024-03-07T10:16:06 IST" duration-ms="5267" status="PASS">
          <reporter-output>
            <line>
              <![CDATA[demo web shop launched]]>
            </line>
          </reporter-output>
        </test-method> <!-- demo -->
      </class> <!-- jenkins.DemoJenkins -->
    </test> <!-- Default test -->
  </suite> <!-- Default suite -->
</testng-results>
